<?xml version="1.0" encoding="UTF-8"?>
<robot generator="Robot 3.1.1 (Python 3.7.3 on win32)" generated="20190403 11:17:07.966" rpa="false">
<suite id="s1" name="RobotProject1" source="C:\Users\AlanMathew-KAXMedia\eclipse-workspace\RobotProject1">
<suite id="s1-s1" name="Test" source="C:\Users\AlanMathew-KAXMedia\eclipse-workspace\RobotProject1\test.robot">
<test id="s1-s1-t1" name="DynamicEmailSubscription">
<kw name="Open Browser" library="SeleniumLibrary">
<doc>Opens a new browser instance to the given ``url``.</doc>
<arguments>
<arg>https://gambling.com</arg>
<arg>chrome</arg>
</arguments>
<msg timestamp="20190403 11:17:08.145" level="INFO">Opening browser 'chrome' to base url 'https://gambling.com'.</msg>
<status status="PASS" starttime="20190403 11:17:08.144" endtime="20190403 11:17:11.726"></status>
</kw>
<kw name="Click Element" library="SeleniumLibrary">
<doc>Click element identified by ``locator``.</doc>
<arguments>
<arg>xpath=//*[@id="nav-links"]/li[2]/a</arg>
</arguments>
<msg timestamp="20190403 11:17:11.730" level="INFO">Clicking element 'xpath=//*[@id="nav-links"]/li[2]/a'.</msg>
<status status="PASS" starttime="20190403 11:17:11.727" endtime="20190403 11:17:12.540"></status>
</kw>
<kw name="Click Element" library="SeleniumLibrary">
<doc>Click element identified by ``locator``.</doc>
<arguments>
<arg>xpath=//*[@id="nav-links"]/li[3]/a</arg>
</arguments>
<msg timestamp="20190403 11:17:12.543" level="INFO">Clicking element 'xpath=//*[@id="nav-links"]/li[3]/a'.</msg>
<status status="PASS" starttime="20190403 11:17:12.541" endtime="20190403 11:17:13.728"></status>
</kw>
<kw name="Click Element" library="SeleniumLibrary">
<doc>Click element identified by ``locator``.</doc>
<arguments>
<arg>xpath=//*[@id="nav-links"]/li[4]/a</arg>
</arguments>
<msg timestamp="20190403 11:17:13.731" level="INFO">Clicking element 'xpath=//*[@id="nav-links"]/li[4]/a'.</msg>
<status status="PASS" starttime="20190403 11:17:13.730" endtime="20190403 11:17:14.472"></status>
</kw>
<kw name="Sleep" library="BuiltIn">
<doc>Pauses the test executed for the given time.</doc>
<arguments>
<arg>8s</arg>
</arguments>
<msg timestamp="20190403 11:17:22.475" level="INFO">Slept 8 seconds</msg>
<status status="PASS" starttime="20190403 11:17:14.474" endtime="20190403 11:17:22.475"></status>
</kw>
<kw name="Input Text" library="SeleniumLibrary">
<doc>Types the given ``text`` into text field identified by ``locator``.</doc>
<arguments>
<arg>xpath=//*[@id="dynamic-popup"]/div/div/form/div/div[1]/input[1]</arg>
<arg>fgas@gmail.com</arg>
</arguments>
<msg timestamp="20190403 11:17:22.476" level="INFO">Typing text 'fgas@gmail.com' into text field 'xpath=//*[@id="dynamic-popup"]/div/div/form/div/div[1]/input[1]'.</msg>
<status status="PASS" starttime="20190403 11:17:22.475" endtime="20190403 11:17:22.599"></status>
</kw>
<kw name="Select Checkbox" library="SeleniumLibrary">
<doc>Selects checkbox identified by ``locator``.</doc>
<arguments>
<arg>class=agreement</arg>
</arguments>
<msg timestamp="20190403 11:17:22.599" level="INFO">Selecting checkbox 'class=agreement'.</msg>
<status status="PASS" starttime="20190403 11:17:22.599" endtime="20190403 11:17:22.692"></status>
</kw>
<kw name="Click Element" library="SeleniumLibrary">
<doc>Click element identified by ``locator``.</doc>
<arguments>
<arg>class=subscribe</arg>
</arguments>
<msg timestamp="20190403 11:17:22.692" level="INFO">Clicking element 'class=subscribe'.</msg>
<kw name="Capture Page Screenshot" library="SeleniumLibrary">
<doc>Takes screenshot of the current page and embeds it into log file.</doc>
<msg timestamp="20190403 11:17:23.187" level="INFO" html="yes">&lt;/td&gt;&lt;/tr&gt;&lt;tr&gt;&lt;td colspan="3"&gt;&lt;a href="selenium-screenshot-21.png"&gt;&lt;img src="selenium-screenshot-21.png" width="800px"&gt;&lt;/a&gt;</msg>
<status status="PASS" starttime="20190403 11:17:22.765" endtime="20190403 11:17:23.188"></status>
</kw>
<msg timestamp="20190403 11:17:23.190" level="FAIL">WebDriverException: Message: unknown error: Element &lt;button class="subscribe" type="submit"&gt;...&lt;/button&gt; is not clickable at point (669, 481). Other element would receive the click: &lt;div class="align-middle"&gt;...&lt;/div&gt;
  (Session info: chrome=73.0.3683.86)
  (Driver info: chromedriver=73.0.3683.68 (47787ec04b6e38e22703e856e101e840b65afe72),platform=Windows NT 10.0.17134 x86_64)
</msg>
<status status="FAIL" starttime="20190403 11:17:22.692" endtime="20190403 11:17:23.190"></status>
</kw>
<status status="FAIL" starttime="20190403 11:17:08.143" endtime="20190403 11:17:23.191" critical="yes">WebDriverException: Message: unknown error: Element &lt;button class="subscribe" type="submit"&gt;...&lt;/button&gt; is not clickable at point (669, 481). Other element would receive the click: &lt;div class="align-middle"&gt;...&lt;/div&gt;
  (Session info: chrome=73.0.3683.86)
  (Driver info: chromedriver=73.0.3683.68 (47787ec04b6e38e22703e856e101e840b65afe72),platform=Windows NT 10.0.17134 x86_64)
</status>
</test>
<status status="FAIL" starttime="20190403 11:17:08.017" endtime="20190403 11:17:23.191"></status>
</suite>
<status status="FAIL" starttime="20190403 11:17:07.998" endtime="20190403 11:17:23.193"></status>
</suite>
<statistics>
<total>
<stat pass="0" fail="1">Critical Tests</stat>
<stat pass="0" fail="1">All Tests</stat>
</total>
<tag>
</tag>
<suite>
<stat pass="0" fail="1" id="s1" name="RobotProject1">RobotProject1</stat>
<stat pass="0" fail="1" id="s1-s1" name="Test">RobotProject1.Test</stat>
</suite>
</statistics>
<errors>
</errors>
</robot>
